{"/app/backend/controllers/studentController.js": {"path":"/app/backend/controllers/studentController.js","statementMap":{"0":{"start":{"line":16,"column":22},"end":{"line":116,"column":1}},"1":{"start":{"line":49,"column":19},"end":{"line":49,"column":40}},"2":{"start":{"line":50,"column":4},"end":{"line":52,"column":5}},"3":{"start":{"line":51,"column":6},"end":{"line":51,"column":74}},"4":{"start":{"line":66,"column":8},"end":{"line":66,"column":16}},"5":{"start":{"line":68,"column":23},"end":{"line":68,"column":57}},"6":{"start":{"line":69,"column":4},"end":{"line":71,"column":5}},"7":{"start":{"line":70,"column":6},"end":{"line":70,"column":56}},"8":{"start":{"line":73,"column":24},"end":{"line":73,"column":66}},"9":{"start":{"line":74,"column":4},"end":{"line":76,"column":5}},"10":{"start":{"line":75,"column":6},"end":{"line":75,"column":57}},"11":{"start":{"line":79,"column":28},"end":{"line":79,"column":70}},"12":{"start":{"line":80,"column":4},"end":{"line":82,"column":5}},"13":{"start":{"line":81,"column":6},"end":{"line":81,"column":72}},"14":{"start":{"line":85,"column":20},"end":{"line":98,"column":6}},"15":{"start":{"line":100,"column":4},"end":{"line":108,"column":7}},"16":{"start":{"line":109,"column":4},"end":{"line":114,"column":6}},"17":{"start":{"line":121,"column":23},"end":{"line":154,"column":1}},"18":{"start":{"line":124,"column":20},"end":{"line":127,"column":74}},"19":{"start":{"line":129,"column":4},"end":{"line":131,"column":5}},"20":{"start":{"line":130,"column":6},"end":{"line":130,"column":58}},"21":{"start":{"line":134,"column":4},"end":{"line":151,"column":5}},"22":{"start":{"line":150,"column":6},"end":{"line":150,"column":76}},"23":{"start":{"line":152,"column":4},"end":{"line":152,"column":80}},"24":{"start":{"line":159,"column":27},"end":{"line":187,"column":1}},"25":{"start":{"line":163,"column":20},"end":{"line":163,"column":38}},"26":{"start":{"line":164,"column":22},"end":{"line":164,"column":56}},"27":{"start":{"line":166,"column":4},"end":{"line":168,"column":5}},"28":{"start":{"line":167,"column":6},"end":{"line":167,"column":56}},"29":{"start":{"line":171,"column":4},"end":{"line":180,"column":5}},"30":{"start":{"line":172,"column":6},"end":{"line":179,"column":7}},"31":{"start":{"line":175,"column":10},"end":{"line":175,"column":57}},"32":{"start":{"line":178,"column":8},"end":{"line":178,"column":76}},"33":{"start":{"line":182,"column":21},"end":{"line":184,"column":51}},"34":{"start":{"line":185,"column":4},"end":{"line":185,"column":77}},"35":{"start":{"line":192,"column":22},"end":{"line":341,"column":1}},"36":{"start":{"line":244,"column":19},"end":{"line":244,"column":40}},"37":{"start":{"line":245,"column":4},"end":{"line":247,"column":5}},"38":{"start":{"line":246,"column":6},"end":{"line":246,"column":74}},"39":{"start":{"line":249,"column":20},"end":{"line":249,"column":57}},"40":{"start":{"line":251,"column":4},"end":{"line":253,"column":5}},"41":{"start":{"line":252,"column":6},"end":{"line":252,"column":58}},"42":{"start":{"line":266,"column":8},"end":{"line":266,"column":16}},"43":{"start":{"line":269,"column":4},"end":{"line":274,"column":5}},"44":{"start":{"line":270,"column":26},"end":{"line":270,"column":60}},"45":{"start":{"line":271,"column":6},"end":{"line":273,"column":7}},"46":{"start":{"line":272,"column":8},"end":{"line":272,"column":58}},"47":{"start":{"line":276,"column":4},"end":{"line":281,"column":5}},"48":{"start":{"line":277,"column":26},"end":{"line":277,"column":68}},"49":{"start":{"line":278,"column":6},"end":{"line":280,"column":7}},"50":{"start":{"line":279,"column":8},"end":{"line":279,"column":59}},"51":{"start":{"line":284,"column":27},"end":{"line":284,"column":49}},"52":{"start":{"line":286,"column":4},"end":{"line":302,"column":5}},"53":{"start":{"line":287,"column":29},"end":{"line":298,"column":8}},"54":{"start":{"line":288,"column":23},"end":{"line":291,"column":10}},"55":{"start":{"line":292,"column":8},"end":{"line":297,"column":10}},"56":{"start":{"line":300,"column":27},"end":{"line":300,"column":60}},"57":{"start":{"line":301,"column":6},"end":{"line":301,"column":64}},"58":{"start":{"line":305,"column":23},"end":{"line":317,"column":5}},"59":{"start":{"line":319,"column":27},"end":{"line":323,"column":5}},"60":{"start":{"line":326,"column":4},"end":{"line":334,"column":7}},"61":{"start":{"line":335,"column":4},"end":{"line":339,"column":6}},"62":{"start":{"line":346,"column":22},"end":{"line":387,"column":1}},"63":{"start":{"line":350,"column":20},"end":{"line":350,"column":57}},"64":{"start":{"line":352,"column":4},"end":{"line":354,"column":5}},"65":{"start":{"line":353,"column":6},"end":{"line":353,"column":58}},"66":{"start":{"line":357,"column":4},"end":{"line":371,"column":5}},"67":{"start":{"line":358,"column":29},"end":{"line":363,"column":8}},"68":{"start":{"line":359,"column":25},"end":{"line":359,"column":43}},"69":{"start":{"line":360,"column":36},"end":{"line":360,"column":92}},"70":{"start":{"line":361,"column":25},"end":{"line":361,"column":95}},"71":{"start":{"line":362,"column":8},"end":{"line":362,"column":53}},"72":{"start":{"line":365,"column":6},"end":{"line":370,"column":7}},"73":{"start":{"line":366,"column":8},"end":{"line":366,"column":42}},"74":{"start":{"line":368,"column":8},"end":{"line":368,"column":66}},"75":{"start":{"line":373,"column":4},"end":{"line":373,"column":52}},"76":{"start":{"line":376,"column":4},"end":{"line":384,"column":7}},"77":{"start":{"line":385,"column":4},"end":{"line":385,"column":57}},"78":{"start":{"line":392,"column":20},"end":{"line":404,"column":1}},"79":{"start":{"line":396,"column":21},"end":{"line":400,"column":13}},"80":{"start":{"line":402,"column":4},"end":{"line":402,"column":77}}},"fnMap":{"0":{"name":"(anonymous_0)","decl":{"start":{"line":47,"column":15},"end":{"line":47,"column":16}},"loc":{"start":{"line":47,"column":35},"end":{"line":115,"column":3}},"line":47},"1":{"name":"(anonymous_1)","decl":{"start":{"line":123,"column":15},"end":{"line":123,"column":16}},"loc":{"start":{"line":123,"column":35},"end":{"line":153,"column":3}},"line":123},"2":{"name":"(anonymous_2)","decl":{"start":{"line":162,"column":15},"end":{"line":162,"column":16}},"loc":{"start":{"line":162,"column":35},"end":{"line":186,"column":3}},"line":162},"3":{"name":"(anonymous_3)","decl":{"start":{"line":174,"column":33},"end":{"line":174,"column":34}},"loc":{"start":{"line":175,"column":10},"end":{"line":175,"column":57}},"line":175},"4":{"name":"(anonymous_4)","decl":{"start":{"line":243,"column":15},"end":{"line":243,"column":16}},"loc":{"start":{"line":243,"column":35},"end":{"line":340,"column":3}},"line":243},"5":{"name":"(anonymous_5)","decl":{"start":{"line":287,"column":43},"end":{"line":287,"column":44}},"loc":{"start":{"line":287,"column":59},"end":{"line":298,"column":7}},"line":287},"6":{"name":"(anonymous_6)","decl":{"start":{"line":349,"column":15},"end":{"line":349,"column":16}},"loc":{"start":{"line":349,"column":35},"end":{"line":386,"column":3}},"line":349},"7":{"name":"(anonymous_7)","decl":{"start":{"line":358,"column":51},"end":{"line":358,"column":52}},"loc":{"start":{"line":358,"column":60},"end":{"line":363,"column":7}},"line":358},"8":{"name":"(anonymous_8)","decl":{"start":{"line":395,"column":15},"end":{"line":395,"column":16}},"loc":{"start":{"line":395,"column":35},"end":{"line":403,"column":3}},"line":395}},"branchMap":{"0":{"loc":{"start":{"line":50,"column":4},"end":{"line":52,"column":5}},"type":"if","locations":[{"start":{"line":50,"column":4},"end":{"line":52,"column":5}},{"start":{},"end":{}}],"line":50},"1":{"loc":{"start":{"line":69,"column":4},"end":{"line":71,"column":5}},"type":"if","locations":[{"start":{"line":69,"column":4},"end":{"line":71,"column":5}},{"start":{},"end":{}}],"line":69},"2":{"loc":{"start":{"line":74,"column":4},"end":{"line":76,"column":5}},"type":"if","locations":[{"start":{"line":74,"column":4},"end":{"line":76,"column":5}},{"start":{},"end":{}}],"line":74},"3":{"loc":{"start":{"line":80,"column":4},"end":{"line":82,"column":5}},"type":"if","locations":[{"start":{"line":80,"column":4},"end":{"line":82,"column":5}},{"start":{},"end":{}}],"line":80},"4":{"loc":{"start":{"line":97,"column":14},"end":{"line":97,"column":32}},"type":"binary-expr","locations":[{"start":{"line":97,"column":14},"end":{"line":97,"column":20}},{"start":{"line":97,"column":24},"end":{"line":97,"column":32}}],"line":97},"5":{"loc":{"start":{"line":129,"column":4},"end":{"line":131,"column":5}},"type":"if","locations":[{"start":{"line":129,"column":4},"end":{"line":131,"column":5}},{"start":{},"end":{}}],"line":129},"6":{"loc":{"start":{"line":134,"column":4},"end":{"line":151,"column":5}},"type":"if","locations":[{"start":{"line":134,"column":4},"end":{"line":151,"column":5}},{"start":{},"end":{}}],"line":134},"7":{"loc":{"start":{"line":135,"column":6},"end":{"line":148,"column":7}},"type":"binary-expr","locations":[{"start":{"line":135,"column":6},"end":{"line":135,"column":37}},{"start":{"line":136,"column":6},"end":{"line":136,"column":38}},{"start":{"line":137,"column":6},"end":{"line":140,"column":7}},{"start":{"line":141,"column":6},"end":{"line":144,"column":7}},{"start":{"line":145,"column":6},"end":{"line":148,"column":7}}],"line":135},"8":{"loc":{"start":{"line":138,"column":8},"end":{"line":139,"column":54}},"type":"binary-expr","locations":[{"start":{"line":138,"column":8},"end":{"line":138,"column":35}},{"start":{"line":139,"column":8},"end":{"line":139,"column":54}}],"line":138},"9":{"loc":{"start":{"line":142,"column":8},"end":{"line":143,"column":59}},"type":"binary-expr","locations":[{"start":{"line":142,"column":8},"end":{"line":142,"column":35}},{"start":{"line":143,"column":8},"end":{"line":143,"column":59}}],"line":142},"10":{"loc":{"start":{"line":146,"column":8},"end":{"line":147,"column":56}},"type":"binary-expr","locations":[{"start":{"line":146,"column":8},"end":{"line":146,"column":34}},{"start":{"line":147,"column":8},"end":{"line":147,"column":56}}],"line":146},"11":{"loc":{"start":{"line":166,"column":4},"end":{"line":168,"column":5}},"type":"if","locations":[{"start":{"line":166,"column":4},"end":{"line":168,"column":5}},{"start":{},"end":{}}],"line":166},"12":{"loc":{"start":{"line":171,"column":4},"end":{"line":180,"column":5}},"type":"if","locations":[{"start":{"line":171,"column":4},"end":{"line":180,"column":5}},{"start":{},"end":{}}],"line":171},"13":{"loc":{"start":{"line":172,"column":6},"end":{"line":179,"column":7}},"type":"if","locations":[{"start":{"line":172,"column":6},"end":{"line":179,"column":7}},{"start":{},"end":{}}],"line":172},"14":{"loc":{"start":{"line":173,"column":8},"end":{"line":176,"column":9}},"type":"binary-expr","locations":[{"start":{"line":173,"column":8},"end":{"line":173,"column":52}},{"start":{"line":174,"column":8},"end":{"line":176,"column":9}}],"line":173},"15":{"loc":{"start":{"line":245,"column":4},"end":{"line":247,"column":5}},"type":"if","locations":[{"start":{"line":245,"column":4},"end":{"line":247,"column":5}},{"start":{},"end":{}}],"line":245},"16":{"loc":{"start":{"line":251,"column":4},"end":{"line":253,"column":5}},"type":"if","locations":[{"start":{"line":251,"column":4},"end":{"line":253,"column":5}},{"start":{},"end":{}}],"line":251},"17":{"loc":{"start":{"line":269,"column":4},"end":{"line":274,"column":5}},"type":"if","locations":[{"start":{"line":269,"column":4},"end":{"line":274,"column":5}},{"start":{},"end":{}}],"line":269},"18":{"loc":{"start":{"line":271,"column":6},"end":{"line":273,"column":7}},"type":"if","locations":[{"start":{"line":271,"column":6},"end":{"line":273,"column":7}},{"start":{},"end":{}}],"line":271},"19":{"loc":{"start":{"line":276,"column":4},"end":{"line":281,"column":5}},"type":"if","locations":[{"start":{"line":276,"column":4},"end":{"line":281,"column":5}},{"start":{},"end":{}}],"line":276},"20":{"loc":{"start":{"line":276,"column":8},"end":{"line":276,"column":41}},"type":"binary-expr","locations":[{"start":{"line":276,"column":8},"end":{"line":276,"column":18}},{"start":{"line":276,"column":22},"end":{"line":276,"column":41}}],"line":276},"21":{"loc":{"start":{"line":278,"column":6},"end":{"line":280,"column":7}},"type":"if","locations":[{"start":{"line":278,"column":6},"end":{"line":280,"column":7}},{"start":{},"end":{}}],"line":278},"22":{"loc":{"start":{"line":286,"column":4},"end":{"line":302,"column":5}},"type":"if","locations":[{"start":{"line":286,"column":4},"end":{"line":302,"column":5}},{"start":{},"end":{}}],"line":286},"23":{"loc":{"start":{"line":286,"column":8},"end":{"line":286,"column":41}},"type":"binary-expr","locations":[{"start":{"line":286,"column":8},"end":{"line":286,"column":17}},{"start":{"line":286,"column":21},"end":{"line":286,"column":41}}],"line":286},"24":{"loc":{"start":{"line":306,"column":23},"end":{"line":306,"column":65}},"type":"binary-expr","locations":[{"start":{"line":306,"column":23},"end":{"line":306,"column":38}},{"start":{"line":306,"column":42},"end":{"line":306,"column":65}}],"line":306},"25":{"loc":{"start":{"line":307,"column":18},"end":{"line":307,"column":50}},"type":"binary-expr","locations":[{"start":{"line":307,"column":18},"end":{"line":307,"column":28}},{"start":{"line":307,"column":32},"end":{"line":307,"column":50}}],"line":307},"26":{"loc":{"start":{"line":308,"column":13},"end":{"line":308,"column":37}},"type":"binary-expr","locations":[{"start":{"line":308,"column":13},"end":{"line":308,"column":20}},{"start":{"line":308,"column":24},"end":{"line":308,"column":37}}],"line":308},"27":{"loc":{"start":{"line":309,"column":19},"end":{"line":309,"column":53}},"type":"binary-expr","locations":[{"start":{"line":309,"column":19},"end":{"line":309,"column":30}},{"start":{"line":309,"column":34},"end":{"line":309,"column":53}}],"line":309},"28":{"loc":{"start":{"line":310,"column":14},"end":{"line":310,"column":38}},"type":"binary-expr","locations":[{"start":{"line":310,"column":14},"end":{"line":310,"column":20}},{"start":{"line":310,"column":24},"end":{"line":310,"column":38}}],"line":310},"29":{"loc":{"start":{"line":311,"column":18},"end":{"line":311,"column":50}},"type":"binary-expr","locations":[{"start":{"line":311,"column":18},"end":{"line":311,"column":28}},{"start":{"line":311,"column":32},"end":{"line":311,"column":50}}],"line":311},"30":{"loc":{"start":{"line":312,"column":15},"end":{"line":312,"column":41}},"type":"binary-expr","locations":[{"start":{"line":312,"column":15},"end":{"line":312,"column":22}},{"start":{"line":312,"column":26},"end":{"line":312,"column":41}}],"line":312},"31":{"loc":{"start":{"line":313,"column":23},"end":{"line":313,"column":65}},"type":"binary-expr","locations":[{"start":{"line":313,"column":23},"end":{"line":313,"column":38}},{"start":{"line":313,"column":42},"end":{"line":313,"column":65}}],"line":313},"32":{"loc":{"start":{"line":314,"column":19},"end":{"line":314,"column":53}},"type":"binary-expr","locations":[{"start":{"line":314,"column":19},"end":{"line":314,"column":30}},{"start":{"line":314,"column":34},"end":{"line":314,"column":53}}],"line":314},"33":{"loc":{"start":{"line":316,"column":14},"end":{"line":316,"column":38}},"type":"binary-expr","locations":[{"start":{"line":316,"column":14},"end":{"line":316,"column":20}},{"start":{"line":316,"column":24},"end":{"line":316,"column":38}}],"line":316},"34":{"loc":{"start":{"line":352,"column":4},"end":{"line":354,"column":5}},"type":"if","locations":[{"start":{"line":352,"column":4},"end":{"line":354,"column":5}},{"start":{},"end":{}}],"line":352},"35":{"loc":{"start":{"line":357,"column":4},"end":{"line":371,"column":5}},"type":"if","locations":[{"start":{"line":357,"column":4},"end":{"line":371,"column":5}},{"start":{},"end":{}}],"line":357},"36":{"loc":{"start":{"line":357,"column":8},"end":{"line":357,"column":57}},"type":"binary-expr","locations":[{"start":{"line":357,"column":8},"end":{"line":357,"column":25}},{"start":{"line":357,"column":29},"end":{"line":357,"column":57}}],"line":357}},"s":{"0":1,"1":0,"2":0,"3":0,"4":0,"5":0,"6":0,"7":0,"8":0,"9":0,"10":0,"11":0,"12":0,"13":0,"14":0,"15":0,"16":0,"17":1,"18":0,"19":0,"20":0,"21":0,"22":0,"23":0,"24":1,"25":0,"26":0,"27":0,"28":0,"29":0,"30":0,"31":0,"32":0,"33":0,"34":0,"35":1,"36":0,"37":0,"38":0,"39":0,"40":0,"41":0,"42":0,"43":0,"44":0,"45":0,"46":0,"47":0,"48":0,"49":0,"50":0,"51":0,"52":0,"53":0,"54":0,"55":0,"56":0,"57":0,"58":0,"59":0,"60":0,"61":0,"62":1,"63":1,"64":1,"65":0,"66":1,"67":1,"68":1,"69":1,"70":1,"71":1,"72":1,"73":1,"74":0,"75":1,"76":1,"77":1,"78":1,"79":0,"80":0},"f":{"0":0,"1":0,"2":0,"3":0,"4":0,"5":0,"6":1,"7":1,"8":0},"b":{"0":[0,0],"1":[0,0],"2":[0,0],"3":[0,0],"4":[0,0],"5":[0,0],"6":[0,0],"7":[0,0,0,0,0],"8":[0,0],"9":[0,0],"10":[0,0],"11":[0,0],"12":[0,0],"13":[0,0],"14":[0,0],"15":[0,0],"16":[0,0],"17":[0,0],"18":[0,0],"19":[0,0],"20":[0,0],"21":[0,0],"22":[0,0],"23":[0,0],"24":[0,0],"25":[0,0],"26":[0,0],"27":[0,0],"28":[0,0],"29":[0,0],"30":[0,0],"31":[0,0],"32":[0,0],"33":[0,0],"34":[0,1],"35":[1,0],"36":[1,1]},"_coverageSchema":"1a1c01bbd47fc00a2c39e90264f33305004495a9","hash":"cb5125eeaa2299c5841ebfbd325cc0c8756ec1ce"}
,"/app/backend/middleware/authMiddleware.js": {"path":"/app/backend/middleware/authMiddleware.js","statementMap":{"0":{"start":{"line":8,"column":23},"end":{"line":30,"column":2}},"1":{"start":{"line":9,"column":16},"end":{"line":9,"column":39}},"2":{"start":{"line":11,"column":2},"end":{"line":13,"column":3}},"3":{"start":{"line":12,"column":4},"end":{"line":12,"column":64}},"4":{"start":{"line":15,"column":2},"end":{"line":29,"column":3}},"5":{"start":{"line":16,"column":20},"end":{"line":16,"column":61}},"6":{"start":{"line":17,"column":17},"end":{"line":17,"column":72}},"7":{"start":{"line":19,"column":4},"end":{"line":22,"column":5}},"8":{"start":{"line":20,"column":8},"end":{"line":20,"column":77}},"9":{"start":{"line":24,"column":4},"end":{"line":24,"column":20}},"10":{"start":{"line":25,"column":4},"end":{"line":25,"column":11}},"11":{"start":{"line":27,"column":6},"end":{"line":27,"column":70}},"12":{"start":{"line":33,"column":25},"end":{"line":40,"column":1}},"13":{"start":{"line":34,"column":2},"end":{"line":39,"column":4}},"14":{"start":{"line":35,"column":4},"end":{"line":37,"column":5}},"15":{"start":{"line":36,"column":8},"end":{"line":36,"column":109}},"16":{"start":{"line":38,"column":4},"end":{"line":38,"column":11}}},"fnMap":{"0":{"name":"(anonymous_0)","decl":{"start":{"line":8,"column":36},"end":{"line":8,"column":37}},"loc":{"start":{"line":8,"column":62},"end":{"line":30,"column":1}},"line":8},"1":{"name":"(anonymous_1)","decl":{"start":{"line":33,"column":25},"end":{"line":33,"column":26}},"loc":{"start":{"line":33,"column":39},"end":{"line":40,"column":1}},"line":33},"2":{"name":"(anonymous_2)","decl":{"start":{"line":34,"column":9},"end":{"line":34,"column":10}},"loc":{"start":{"line":34,"column":29},"end":{"line":39,"column":3}},"line":34}},"branchMap":{"0":{"loc":{"start":{"line":11,"column":2},"end":{"line":13,"column":3}},"type":"if","locations":[{"start":{"line":11,"column":2},"end":{"line":13,"column":3}},{"start":{},"end":{}}],"line":11},"1":{"loc":{"start":{"line":19,"column":4},"end":{"line":22,"column":5}},"type":"if","locations":[{"start":{"line":19,"column":4},"end":{"line":22,"column":5}},{"start":{},"end":{}}],"line":19},"2":{"loc":{"start":{"line":19,"column":8},"end":{"line":19,"column":41}},"type":"binary-expr","locations":[{"start":{"line":19,"column":8},"end":{"line":19,"column":13}},{"start":{"line":19,"column":17},"end":{"line":19,"column":41}}],"line":19},"3":{"loc":{"start":{"line":35,"column":4},"end":{"line":37,"column":5}},"type":"if","locations":[{"start":{"line":35,"column":4},"end":{"line":37,"column":5}},{"start":{},"end":{}}],"line":35},"4":{"loc":{"start":{"line":35,"column":8},"end":{"line":35,"column":51}},"type":"binary-expr","locations":[{"start":{"line":35,"column":8},"end":{"line":35,"column":17}},{"start":{"line":35,"column":21},"end":{"line":35,"column":51}}],"line":35},"5":{"loc":{"start":{"line":36,"column":57},"end":{"line":36,"column":84}},"type":"binary-expr","locations":[{"start":{"line":36,"column":57},"end":{"line":36,"column":71}},{"start":{"line":36,"column":75},"end":{"line":36,"column":84}}],"line":36}},"s":{"0":1,"1":0,"2":0,"3":0,"4":0,"5":0,"6":0,"7":0,"8":0,"9":0,"10":0,"11":0,"12":1,"13":5,"14":0,"15":0,"16":0},"f":{"0":0,"1":5,"2":0},"b":{"0":[0,0],"1":[0,0],"2":[0,0],"3":[0,0],"4":[0,0],"5":[0,0]},"_coverageSchema":"1a1c01bbd47fc00a2c39e90264f33305004495a9","hash":"fa19cc6b9af911dac8d6dce7ecad1fc7d9b4a21a"}
,"/app/backend/models/Activity.js": {"path":"/app/backend/models/Activity.js","statementMap":{"0":{"start":{"line":4,"column":26},"end":{"line":4,"column":34}},"1":{"start":{"line":6,"column":23},"end":{"line":93,"column":1}},"2":{"start":{"line":84,"column":21},"end":{"line":84,"column":58}},"3":{"start":{"line":96,"column":0},"end":{"line":96,"column":66}},"4":{"start":{"line":98,"column":0},"end":{"line":98,"column":58}},"5":{"start":{"line":100,"column":0},"end":{"line":100,"column":40}},"6":{"start":{"line":101,"column":0},"end":{"line":101,"column":37}},"7":{"start":{"line":103,"column":0},"end":{"line":120,"column":2}},"8":{"start":{"line":104,"column":2},"end":{"line":119,"column":3}},"9":{"start":{"line":105,"column":4},"end":{"line":115,"column":7}},"10":{"start":{"line":117,"column":4},"end":{"line":117,"column":54}},"11":{"start":{"line":118,"column":4},"end":{"line":118,"column":16}},"12":{"start":{"line":122,"column":17},"end":{"line":122,"column":50}}},"fnMap":{"0":{"name":"(anonymous_0)","decl":{"start":{"line":84,"column":15},"end":{"line":84,"column":16}},"loc":{"start":{"line":84,"column":21},"end":{"line":84,"column":58}},"line":84},"1":{"name":"(anonymous_1)","decl":{"start":{"line":103,"column":37},"end":{"line":103,"column":38}},"loc":{"start":{"line":103,"column":59},"end":{"line":120,"column":1}},"line":103}},"branchMap":{},"s":{"0":1,"1":1,"2":0,"3":1,"4":1,"5":1,"6":1,"7":1,"8":0,"9":0,"10":0,"11":0,"12":1},"f":{"0":0,"1":0},"b":{},"_coverageSchema":"1a1c01bbd47fc00a2c39e90264f33305004495a9","hash":"52cc7c60e7848129a9e1704f56e529e013b4f96f"}
,"/app/backend/models/Class.js": {"path":"/app/backend/models/Class.js","statementMap":{"0":{"start":{"line":4,"column":26},"end":{"line":4,"column":34}},"1":{"start":{"line":6,"column":20},"end":{"line":63,"column":1}},"2":{"start":{"line":66,"column":0},"end":{"line":66,"column":78}},"3":{"start":{"line":67,"column":0},"end":{"line":67,"column":39}},"4":{"start":{"line":68,"column":0},"end":{"line":68,"column":37}},"5":{"start":{"line":71,"column":0},"end":{"line":86,"column":3}},"6":{"start":{"line":72,"column":4},"end":{"line":84,"column":5}},"7":{"start":{"line":73,"column":8},"end":{"line":83,"column":9}},"8":{"start":{"line":74,"column":32},"end":{"line":74,"column":41}},"9":{"start":{"line":75,"column":12},"end":{"line":82,"column":13}},"10":{"start":{"line":76,"column":33},"end":{"line":76,"column":72}},"11":{"start":{"line":77,"column":16},"end":{"line":80,"column":17}},"12":{"start":{"line":78,"column":34},"end":{"line":78,"column":107}},"13":{"start":{"line":79,"column":20},"end":{"line":79,"column":39}},"14":{"start":{"line":81,"column":16},"end":{"line":81,"column":42}},"15":{"start":{"line":85,"column":4},"end":{"line":85,"column":11}},"16":{"start":{"line":87,"column":19},"end":{"line":87,"column":46}}},"fnMap":{"0":{"name":"(anonymous_0)","decl":{"start":{"line":71,"column":28},"end":{"line":71,"column":29}},"loc":{"start":{"line":71,"column":43},"end":{"line":86,"column":1}},"line":71}},"branchMap":{"0":{"loc":{"start":{"line":72,"column":4},"end":{"line":84,"column":5}},"type":"if","locations":[{"start":{"line":72,"column":4},"end":{"line":84,"column":5}},{"start":{},"end":{}}],"line":72},"1":{"loc":{"start":{"line":77,"column":16},"end":{"line":80,"column":17}},"type":"if","locations":[{"start":{"line":77,"column":16},"end":{"line":80,"column":17}},{"start":{},"end":{}}],"line":77}},"s":{"0":1,"1":1,"2":1,"3":1,"4":1,"5":1,"6":0,"7":0,"8":0,"9":0,"10":0,"11":0,"12":0,"13":0,"14":0,"15":0,"16":1},"f":{"0":0},"b":{"0":[0,0],"1":[0,0]},"_coverageSchema":"1a1c01bbd47fc00a2c39e90264f33305004495a9","hash":"2d9eec73a04b1badadd05768b1dacf05e1d7465d"}
,"/app/backend/models/Parent.js": {"path":"/app/backend/models/Parent.js","statementMap":{"0":{"start":{"line":4,"column":26},"end":{"line":4,"column":34}},"1":{"start":{"line":6,"column":21},"end":{"line":35,"column":1}},"2":{"start":{"line":37,"column":0},"end":{"line":37,"column":32}},"3":{"start":{"line":38,"column":0},"end":{"line":38,"column":38}},"4":{"start":{"line":40,"column":15},"end":{"line":40,"column":44}}},"fnMap":{},"branchMap":{},"s":{"0":1,"1":1,"2":1,"3":1,"4":1},"f":{},"b":{},"_coverageSchema":"1a1c01bbd47fc00a2c39e90264f33305004495a9","hash":"96d2e132481f56c0226fea2ae50597d47aca9413"}
,"/app/backend/models/Student.js": {"path":"/app/backend/models/Student.js","statementMap":{"0":{"start":{"line":4,"column":26},"end":{"line":4,"column":34}},"1":{"start":{"line":6,"column":22},"end":{"line":98,"column":1}},"2":{"start":{"line":100,"column":0},"end":{"line":100,"column":62}},"3":{"start":{"line":101,"column":0},"end":{"line":101,"column":67}},"4":{"start":{"line":102,"column":0},"end":{"line":102,"column":49}},"5":{"start":{"line":105,"column":16},"end":{"line":105,"column":47}}},"fnMap":{},"branchMap":{},"s":{"0":1,"1":1,"2":1,"3":1,"4":1,"5":1},"f":{},"b":{},"_coverageSchema":"1a1c01bbd47fc00a2c39e90264f33305004495a9","hash":"89abc1bcf7d7f785e0731f2e1829093d83acbe91"}
,"/app/backend/models/User.js": {"path":"/app/backend/models/User.js","statementMap":{"0":{"start":{"line":6,"column":26},"end":{"line":6,"column":34}},"1":{"start":{"line":8,"column":19},"end":{"line":84,"column":1}},"2":{"start":{"line":70,"column":10},"end":{"line":70,"column":50}},"3":{"start":{"line":87,"column":0},"end":{"line":87,"column":30}},"4":{"start":{"line":88,"column":0},"end":{"line":88,"column":32}},"5":{"start":{"line":91,"column":0},"end":{"line":98,"column":3}},"6":{"start":{"line":92,"column":2},"end":{"line":92,"column":50}},"7":{"start":{"line":92,"column":36},"end":{"line":92,"column":50}},"8":{"start":{"line":94,"column":15},"end":{"line":94,"column":39}},"9":{"start":{"line":95,"column":2},"end":{"line":95,"column":57}},"10":{"start":{"line":96,"column":2},"end":{"line":96,"column":38}},"11":{"start":{"line":97,"column":2},"end":{"line":97,"column":9}},"12":{"start":{"line":101,"column":0},"end":{"line":103,"column":2}},"13":{"start":{"line":102,"column":2},"end":{"line":102,"column":56}},"14":{"start":{"line":106,"column":0},"end":{"line":109,"column":2}},"15":{"start":{"line":107,"column":2},"end":{"line":107,"column":30}},"16":{"start":{"line":108,"column":2},"end":{"line":108,"column":49}},"17":{"start":{"line":111,"column":13},"end":{"line":111,"column":38}}},"fnMap":{"0":{"name":"(anonymous_0)","decl":{"start":{"line":69,"column":19},"end":{"line":69,"column":20}},"loc":{"start":{"line":69,"column":36},"end":{"line":71,"column":9}},"line":69},"1":{"name":"(anonymous_1)","decl":{"start":{"line":91,"column":23},"end":{"line":91,"column":24}},"loc":{"start":{"line":91,"column":45},"end":{"line":98,"column":1}},"line":91},"2":{"name":"(anonymous_2)","decl":{"start":{"line":101,"column":35},"end":{"line":101,"column":36}},"loc":{"start":{"line":101,"column":68},"end":{"line":103,"column":1}},"line":101},"3":{"name":"(anonymous_3)","decl":{"start":{"line":106,"column":37},"end":{"line":106,"column":38}},"loc":{"start":{"line":106,"column":54},"end":{"line":109,"column":1}},"line":106}},"branchMap":{"0":{"loc":{"start":{"line":70,"column":17},"end":{"line":70,"column":49}},"type":"binary-expr","locations":[{"start":{"line":70,"column":17},"end":{"line":70,"column":23}},{"start":{"line":70,"column":27},"end":{"line":70,"column":49}}],"line":70},"1":{"loc":{"start":{"line":92,"column":2},"end":{"line":92,"column":50}},"type":"if","locations":[{"start":{"line":92,"column":2},"end":{"line":92,"column":50}},{"start":{},"end":{}}],"line":92}},"s":{"0":1,"1":1,"2":0,"3":1,"4":1,"5":1,"6":0,"7":0,"8":0,"9":0,"10":0,"11":0,"12":1,"13":0,"14":1,"15":0,"16":0,"17":1},"f":{"0":0,"1":0,"2":0,"3":0},"b":{"0":[0,0],"1":[0,0]},"_coverageSchema":"1a1c01bbd47fc00a2c39e90264f33305004495a9","hash":"34aa2a466286c3e50638aaf3c4c57a2f2e4162ad"}
,"/app/backend/utils/apiResponse.js": {"path":"/app/backend/utils/apiResponse.js","statementMap":{"0":{"start":{"line":2,"column":31},"end":{"line":13,"column":1}},"1":{"start":{"line":8,"column":2},"end":{"line":12,"column":5}},"2":{"start":{"line":15,"column":29},"end":{"line":31,"column":1}},"3":{"start":{"line":21,"column":19},"end":{"line":24,"column":3}},"4":{"start":{"line":26,"column":2},"end":{"line":28,"column":3}},"5":{"start":{"line":27,"column":4},"end":{"line":27,"column":29}},"6":{"start":{"line":30,"column":2},"end":{"line":30,"column":47}}},"fnMap":{"0":{"name":"(anonymous_0)","decl":{"start":{"line":2,"column":31},"end":{"line":2,"column":32}},"loc":{"start":{"line":7,"column":5},"end":{"line":13,"column":1}},"line":7},"1":{"name":"(anonymous_1)","decl":{"start":{"line":15,"column":29},"end":{"line":15,"column":30}},"loc":{"start":{"line":20,"column":5},"end":{"line":31,"column":1}},"line":20}},"branchMap":{"0":{"loc":{"start":{"line":5,"column":2},"end":{"line":5,"column":21}},"type":"default-arg","locations":[{"start":{"line":5,"column":12},"end":{"line":5,"column":21}}],"line":5},"1":{"loc":{"start":{"line":6,"column":2},"end":{"line":6,"column":18}},"type":"default-arg","locations":[{"start":{"line":6,"column":15},"end":{"line":6,"column":18}}],"line":6},"2":{"loc":{"start":{"line":17,"column":2},"end":{"line":17,"column":28}},"type":"default-arg","locations":[{"start":{"line":17,"column":12},"end":{"line":17,"column":28}}],"line":17},"3":{"loc":{"start":{"line":18,"column":2},"end":{"line":18,"column":18}},"type":"default-arg","locations":[{"start":{"line":18,"column":15},"end":{"line":18,"column":18}}],"line":18},"4":{"loc":{"start":{"line":19,"column":2},"end":{"line":19,"column":15}},"type":"default-arg","locations":[{"start":{"line":19,"column":11},"end":{"line":19,"column":15}}],"line":19},"5":{"loc":{"start":{"line":26,"column":2},"end":{"line":28,"column":3}},"type":"if","locations":[{"start":{"line":26,"column":2},"end":{"line":28,"column":3}},{"start":{},"end":{}}],"line":26}},"s":{"0":1,"1":1,"2":1,"3":0,"4":0,"5":0,"6":0},"f":{"0":1,"1":0},"b":{"0":[0],"1":[1],"2":[0],"3":[0],"4":[0],"5":[0,0]},"_coverageSchema":"1a1c01bbd47fc00a2c39e90264f33305004495a9","hash":"0734f7e3c13c53b285df938214e297c23743cd1f"}
,"/app/backend/utils/multer.js": {"path":"/app/backend/utils/multer.js","statementMap":{"0":{"start":{"line":5,"column":16},"end":{"line":5,"column":38}},"1":{"start":{"line":6,"column":15},"end":{"line":6,"column":43}}},"fnMap":{},"branchMap":{},"s":{"0":1,"1":1},"f":{},"b":{},"_coverageSchema":"1a1c01bbd47fc00a2c39e90264f33305004495a9","hash":"16a0d0d7017d70e365b8f3fc502d4881352bd6f6"}
}
