TN:
SF:controllers/studentController.js
FN:47,(anonymous_0)
FN:123,(anonymous_1)
FN:162,(anonymous_2)
FN:174,(anonymous_3)
FN:243,(anonymous_4)
FN:287,(anonymous_5)
FN:349,(anonymous_6)
FN:358,(anonymous_7)
FN:395,(anonymous_8)
FNF:9
FNH:2
FNDA:0,(anonymous_0)
FNDA:0,(anonymous_1)
FNDA:0,(anonymous_2)
FNDA:0,(anonymous_3)
FNDA:0,(anonymous_4)
FNDA:0,(anonymous_5)
FNDA:1,(anonymous_6)
FNDA:1,(anonymous_7)
FNDA:0,(anonymous_8)
DA:16,1
DA:49,0
DA:50,0
DA:51,0
DA:66,0
DA:68,0
DA:69,0
DA:70,0
DA:73,0
DA:74,0
DA:75,0
DA:79,0
DA:80,0
DA:81,0
DA:85,0
DA:100,0
DA:109,0
DA:121,1
DA:124,0
DA:129,0
DA:130,0
DA:134,0
DA:150,0
DA:152,0
DA:159,1
DA:163,0
DA:164,0
DA:166,0
DA:167,0
DA:171,0
DA:172,0
DA:175,0
DA:178,0
DA:182,0
DA:185,0
DA:192,1
DA:244,0
DA:245,0
DA:246,0
DA:249,0
DA:251,0
DA:252,0
DA:266,0
DA:269,0
DA:270,0
DA:271,0
DA:272,0
DA:276,0
DA:277,0
DA:278,0
DA:279,0
DA:284,0
DA:286,0
DA:287,0
DA:288,0
DA:292,0
DA:300,0
DA:301,0
DA:305,0
DA:319,0
DA:326,0
DA:335,0
DA:346,1
DA:350,1
DA:352,1
DA:353,0
DA:357,1
DA:358,1
DA:359,1
DA:360,1
DA:361,1
DA:362,1
DA:365,1
DA:366,1
DA:368,0
DA:373,1
DA:376,1
DA:385,1
DA:392,1
DA:396,0
DA:402,0
LF:81
LH:19
BRDA:50,0,0,0
BRDA:50,0,1,0
BRDA:69,1,0,0
BRDA:69,1,1,0
BRDA:74,2,0,0
BRDA:74,2,1,0
BRDA:80,3,0,0
BRDA:80,3,1,0
BRDA:97,4,0,0
BRDA:97,4,1,0
BRDA:129,5,0,0
BRDA:129,5,1,0
BRDA:134,6,0,0
BRDA:134,6,1,0
BRDA:135,7,0,0
BRDA:135,7,1,0
BRDA:135,7,2,0
BRDA:135,7,3,0
BRDA:135,7,4,0
BRDA:138,8,0,0
BRDA:138,8,1,0
BRDA:142,9,0,0
BRDA:142,9,1,0
BRDA:146,10,0,0
BRDA:146,10,1,0
BRDA:166,11,0,0
BRDA:166,11,1,0
BRDA:171,12,0,0
BRDA:171,12,1,0
BRDA:172,13,0,0
BRDA:172,13,1,0
BRDA:173,14,0,0
BRDA:173,14,1,0
BRDA:245,15,0,0
BRDA:245,15,1,0
BRDA:251,16,0,0
BRDA:251,16,1,0
BRDA:269,17,0,0
BRDA:269,17,1,0
BRDA:271,18,0,0
BRDA:271,18,1,0
BRDA:276,19,0,0
BRDA:276,19,1,0
BRDA:276,20,0,0
BRDA:276,20,1,0
BRDA:278,21,0,0
BRDA:278,21,1,0
BRDA:286,22,0,0
BRDA:286,22,1,0
BRDA:286,23,0,0
BRDA:286,23,1,0
BRDA:306,24,0,0
BRDA:306,24,1,0
BRDA:307,25,0,0
BRDA:307,25,1,0
BRDA:308,26,0,0
BRDA:308,26,1,0
BRDA:309,27,0,0
BRDA:309,27,1,0
BRDA:310,28,0,0
BRDA:310,28,1,0
BRDA:311,29,0,0
BRDA:311,29,1,0
BRDA:312,30,0,0
BRDA:312,30,1,0
BRDA:313,31,0,0
BRDA:313,31,1,0
BRDA:314,32,0,0
BRDA:314,32,1,0
BRDA:316,33,0,0
BRDA:316,33,1,0
BRDA:352,34,0,0
BRDA:352,34,1,1
BRDA:357,35,0,1
BRDA:357,35,1,0
BRDA:357,36,0,1
BRDA:357,36,1,1
BRF:77
BRH:4
end_of_record
TN:
SF:middleware/authMiddleware.js
FN:8,(anonymous_0)
FN:33,(anonymous_1)
FN:34,(anonymous_2)
FNF:3
FNH:1
FNDA:0,(anonymous_0)
FNDA:5,(anonymous_1)
FNDA:0,(anonymous_2)
DA:8,1
DA:9,0
DA:11,0
DA:12,0
DA:15,0
DA:16,0
DA:17,0
DA:19,0
DA:20,0
DA:24,0
DA:25,0
DA:27,0
DA:33,1
DA:34,5
DA:35,0
DA:36,0
DA:38,0
LF:17
LH:3
BRDA:11,0,0,0
BRDA:11,0,1,0
BRDA:19,1,0,0
BRDA:19,1,1,0
BRDA:19,2,0,0
BRDA:19,2,1,0
BRDA:35,3,0,0
BRDA:35,3,1,0
BRDA:35,4,0,0
BRDA:35,4,1,0
BRDA:36,5,0,0
BRDA:36,5,1,0
BRF:12
BRH:0
end_of_record
TN:
SF:models/Activity.js
FN:84,(anonymous_0)
FN:103,(anonymous_1)
FNF:2
FNH:0
FNDA:0,(anonymous_0)
FNDA:0,(anonymous_1)
DA:4,1
DA:6,1
DA:84,0
DA:96,1
DA:98,1
DA:100,1
DA:101,1
DA:103,1
DA:104,0
DA:105,0
DA:117,0
DA:118,0
DA:122,1
LF:13
LH:8
BRF:0
BRH:0
end_of_record
TN:
SF:models/Class.js
FN:71,(anonymous_0)
FNF:1
FNH:0
FNDA:0,(anonymous_0)
DA:4,1
DA:6,1
DA:66,1
DA:67,1
DA:68,1
DA:71,1
DA:72,0
DA:73,0
DA:74,0
DA:75,0
DA:76,0
DA:77,0
DA:78,0
DA:79,0
DA:81,0
DA:85,0
DA:87,1
LF:17
LH:7
BRDA:72,0,0,0
BRDA:72,0,1,0
BRDA:77,1,0,0
BRDA:77,1,1,0
BRF:4
BRH:0
end_of_record
TN:
SF:models/Parent.js
FNF:0
FNH:0
DA:4,1
DA:6,1
DA:37,1
DA:38,1
DA:40,1
LF:5
LH:5
BRF:0
BRH:0
end_of_record
TN:
SF:models/Student.js
FNF:0
FNH:0
DA:4,1
DA:6,1
DA:100,1
DA:101,1
DA:102,1
DA:105,1
LF:6
LH:6
BRF:0
BRH:0
end_of_record
TN:
SF:models/User.js
FN:69,(anonymous_0)
FN:91,(anonymous_1)
FN:101,(anonymous_2)
FN:106,(anonymous_3)
FNF:4
FNH:0
FNDA:0,(anonymous_0)
FNDA:0,(anonymous_1)
FNDA:0,(anonymous_2)
FNDA:0,(anonymous_3)
DA:6,1
DA:8,1
DA:70,0
DA:87,1
DA:88,1
DA:91,1
DA:92,0
DA:94,0
DA:95,0
DA:96,0
DA:97,0
DA:101,1
DA:102,0
DA:106,1
DA:107,0
DA:108,0
DA:111,1
LF:17
LH:8
BRDA:70,0,0,0
BRDA:70,0,1,0
BRDA:92,1,0,0
BRDA:92,1,1,0
BRF:4
BRH:0
end_of_record
TN:
SF:utils/apiResponse.js
FN:2,(anonymous_0)
FN:15,(anonymous_1)
FNF:2
FNH:1
FNDA:1,(anonymous_0)
FNDA:0,(anonymous_1)
DA:2,1
DA:8,1
DA:15,1
DA:21,0
DA:26,0
DA:27,0
DA:30,0
LF:7
LH:3
BRDA:5,0,0,0
BRDA:6,1,0,1
BRDA:17,2,0,0
BRDA:18,3,0,0
BRDA:19,4,0,0
BRDA:26,5,0,0
BRDA:26,5,1,0
BRF:7
BRH:1
end_of_record
TN:
SF:utils/multer.js
FNF:0
FNH:0
DA:5,1
DA:6,1
LF:2
LH:2
BRF:0
BRH:0
end_of_record
